gysdklibrary/proguard/seeds.txt
guangyu.sdk.lib.view.ClearEditText: ClearEditText(android.content.Context,android.util.AttributeSet,int)
guangyu.sdk.lib.R$layout: int activity_gy_register
guangyu.sdk.lib.ui.register.RegisterView: int getLayoutView()
guangyu.sdk.lib.R$id: int gygamesdk_group
guangyu.sdk.lib.R$id: int gygamesdk_left_navigation
guangyu.sdk.lib.R$id: int mgygamesdk_content
guangyu.sdk.lib.notify.GYUserCenterCallBack
guangyu.sdk.lib.base.BaseLinearLayout: BaseLinearLayout(android.content.Context,android.util.AttributeSet,int)
guangyu.sdk.lib.view.cardview.CardView: void setUseCompatPadding(boolean)
guangyu.sdk.lib.R$styleable: int CardView_cardElevation
guangyu.sdk.lib.R$drawable: int gy_exit_comfirm_selector
guangyu.sdk.lib.R$id: int mgygamesdk_btn_close
guangyu.sdk.lib.R$id: int mgygamesdk_forgetpwd
guangyu.sdk.lib.R$color: int white
guangyu.sdk.lib.R$layout: int activity_gy_account_login
guangyu.sdk.lib.R$style: int CardView
guangyu.sdk.lib.view.ClearEditText: void setClearEditTextonEtFocusChangeListener(guangyu.sdk.lib.view.ClearEditText$ClearEditTextonEtFocusChangeListener)
guangyu.sdk.lib.R$style: int CardView_Dark
guangyu.sdk.lib.GYSDK: void init(android.app.Application,java.lang.String,java.lang.String,java.lang.String,boolean)
guangyu.sdk.lib.view.ClearEditText: ClearEditText(android.content.Context,android.util.AttributeSet)
guangyu.sdk.lib.R$id: int mgygamesdk_btn_account_register
guangyu.sdk.lib.R$color: int cardview_shadow_end_color
guangyu.sdk.lib.R$layout: int activity_gy_reset_pwd_landscape
guangyu.sdk.lib.R$color: int color_3dbdff
guangyu.sdk.lib.notify.GYLoginCallBack: void loginOnSuccess(java.lang.String)
guangyu.sdk.lib.GYSDK
guangyu.sdk.lib.R$id: int gygamesdk_gameout_comfirm
guangyu.sdk.lib.view.cardview.CardView: void setPreventCornerOverlap(boolean)
guangyu.sdk.lib.R$drawable: R$drawable()
guangyu.sdk.lib.notify.GYExitCallBack: void exitOnCancel(java.lang.String)
guangyu.sdk.lib.R$drawable: int gy_close
guangyu.sdk.lib.R$attr: int cardBackgroundColor
guangyu.sdk.lib.R$styleable: int CardView_contentPadding
guangyu.sdk.lib.base.BaseViewGroup: BaseViewGroup(android.content.Context)
guangyu.sdk.lib.R$styleable: int CardView_contentPaddingBottom
guangyu.sdk.lib.R$attr: int cardUseCompatPadding
guangyu.sdk.lib.R$xml: R$xml()
guangyu.sdk.lib.R$style: R$style()
guangyu.sdk.lib.R$attr: int cardMaxElevation
guangyu.sdk.lib.R$layout: int activity_gy_user_center_portrait
guangyu.sdk.lib.R$styleable: int CardView_cardMaxElevation
guangyu.sdk.lib.notify.GYLoginCallBack: void loginOnFail(java.lang.String)
guangyu.sdk.lib.view.cardview.CardView: void setMinimumHeight(int)
guangyu.sdk.lib.R$id: int gygamesdk_gameout_cancel
guangyu.sdk.lib.R$drawable: int gy_back_selector
guangyu.sdk.lib.R$layout: int activity_gy_user_center_landscape
guangyu.sdk.lib.R$color: int cardview_light_background
guangyu.sdk.lib.R$id: int gygamesdk_bottom_navitation
guangyu.sdk.lib.ui.login.GYExitActivity: GYExitActivity()
guangyu.sdk.lib.R$style: int CardView_Light
guangyu.sdk.lib.notify.GYUserCenterCallBack: void userCenterOnFail(java.lang.String)
guangyu.sdk.lib.R$layout: int activity_gy_login
guangyu.sdk.lib.bean.UserInfo: UserInfo()
guangyu.sdk.lib.base.BaseLinearLayout
guangyu.sdk.lib.R$id: int gygamesdk_titleLayout
guangyu.sdk.lib.R$attr: int cardCornerRadius
guangyu.sdk.lib.R$xml: int network_security_config
guangyu.sdk.lib.ui.login.AccountLoginView: int getLayoutView()
guangyu.sdk.lib.GYSDK: void setDebug(boolean)
guangyu.sdk.lib.view.cardview.CardView: void setCardBackgroundColor(android.content.res.ColorStateList)
guangyu.sdk.lib.view.cardview.CardView: CardView(android.content.Context)
guangyu.sdk.lib.notify.GYExitCallBack: void exitOnSuccess(java.lang.String)
guangyu.sdk.lib.R$styleable: int CardView_contentPaddingTop
guangyu.sdk.lib.R$drawable: int gy_image_back
guangyu.sdk.lib.R$attr: int contentPadding
guangyu.sdk.lib.R$drawable: int gy_image_back_ed
guangyu.sdk.lib.base.BaseLinearLayout: int getLayoutView()
...
android.support.v4.widget.AutoScrollHelper: android.support.v4.widget.AutoScrollHelper setMaximumVelocity(float,float)
android.support.v4.view.accessibility.AccessibilityNodeInfoCompat: boolean isAccessibilityFocused()
android.support.v4.widget.ScrollerCompat$ScrollerCompatImplBase: ScrollerCompat$ScrollerCompatImplBase()
android.support.v4.content.Loader$ForceLoadContentObserver: void onChange(boolean)
android.support.v4.widget.ViewDragHelper: float[] mLastMotionY
android.support.v4.widget.SearchViewCompatHoneycomb$1: SearchViewCompatHoneycomb$1(android.support.v4.widget.SearchViewCompatHoneycomb$OnQueryTextListenerCompatBridge)
android.support.v4.view.accessibility.AccessibilityNodeInfoCompat$AccessibilityNodeInfoStubImpl: void setParent(java.lang.Object,android.view.View)
android.support.v4.app.Fragment: boolean mDeferStart
android.support.v4.view.ViewGroupCompat$ViewGroupCompatStubImpl: int getLayoutMode(android.view.ViewGroup)
android.support.v4.view.accessibility.AccessibilityRecordCompat$AccessibilityRecordIcsImpl: void setItemCount(java.lang.Object,int)
android.support.v4.media.TransportMediator$2: boolean onKeyMultiple(int,int,android.view.KeyEvent)
android.support.v4.app.LoaderManagerImpl$LoaderInfo: int mId
android.support.v4.content.FileProvider: java.util.HashMap sCache
android.support.v4.widget.AutoScrollHelper$ScrollAnimationRunnable: AutoScrollHelper$ScrollAnimationRunnable(android.support.v4.widget.AutoScrollHelper,android.support.v4.widget.AutoScrollHelper$1)
android.support.v4.media.TransportMediator: int FLAG_KEY_MEDIA_STOP
android.support.v4.view.ViewCompatICS: void onInitializeAccessibilityEvent(android.view.View,android.view.accessibility.AccessibilityEvent)
android.support.v4.view.accessibility.AccessibilityNodeInfoCompatIcs: java.lang.CharSequence getClassName(java.lang.Object)
android.support.v4.util.ArrayMap: void putAll(java.util.Map)
android.support.v4.view.ViewPager: android.view.animation.Interpolator sInterpolator
android.support.v4.print.PrintHelperKitkat: java.lang.Object access$300(android.support.v4.print.PrintHelperKitkat)
android.support.v4.widget.ListPopupWindowCompatKitKat: android.view.View$OnTouchListener createDragToOpenListener(java.lang.Object,android.view.View)
android.support.v4.view.accessibility.AccessibilityNodeInfoCompat: int ACTION_CLEAR_FOCUS
android.support.v4.view.accessibility.AccessibilityNodeInfoCompat$AccessibilityNodeInfoIcsImpl: void setPassword(java.lang.Object,boolean)
android.support.v4.app.NotificationCompat$Style: android.support.v4.app.NotificationCompat$Builder mBuilder
android.support.v4.view.ViewCompat$ViewCompatImpl: void postOnAnimation(android.view.View,java.lang.Runnable)
android.support.v4.view.ActionProvider: void setVisibilityListener(android.support.v4.view.ActionProvider$VisibilityListener)
android.support.v4.view.AccessibilityDelegateCompatIcs$1: boolean dispatchPopulateAccessibilityEvent(android.view.View,android.view.accessibility.AccessibilityEvent)
android.support.v4.view.PagerTabStrip: int mTouchSlop
android.support.v4.app.Fragment: android.support.v4.app.FragmentActivity mActivity
android.support.v4.view.AccessibilityDelegateCompatIcs: java.lang.Object newAccessibilityDelegateDefaultImpl()
android.support.v4.app.TaskStackBuilder$SupportParentable
android.support.v4.view.accessibility.AccessibilityNodeInfoCompat: void setPassword(boolean)
android.support.v4.view.AccessibilityDelegateCompat$AccessibilityDelegateIcsImpl$1: void sendAccessibilityEvent(android.view.View,int)
android.support.v4.app.ShareCompat$IntentReader: java.lang.String mCallingPackage
android.support.v4.view.accessibility.AccessibilityRecordCompat$AccessibilityRecordIcsImpl: void setChecked(java.lang.Object,boolean)
android.support.v4.widget.ScrollerCompat: int getCurrX()
android.support.v4.widget.AutoScrollHelper$ClampedScroller: void requestStop()
android.support.v4.view.GestureDetectorCompat$GestureDetectorCompatImpl: boolean isLongpressEnabled()