gysdklibrary/proguard/mapping.txt
# compiler: R8
# compiler_version: 2.0.88
# pg_map_id: e658532
# common_typos_disable
guangyu.sdk.lib.CallBackManager -> a.a.a.a:
    guangyu.sdk.lib.notify.GYExitCallBack sGYExitCallBack -> c
    guangyu.sdk.lib.notify.GYUserCenterCallBack sGYUserCenterCallBack -> b
    guangyu.sdk.lib.notify.GYLoginCallBack sGYLoginCallBack -> a
    1:1:void setGYExitCallBack(guangyu.sdk.lib.notify.GYExitCallBack):23:23 -> a
    2:2:void setGYUserCenterCallBack(guangyu.sdk.lib.notify.GYUserCenterCallBack):32:32 -> a
    3:3:void setGYLoginCallBack(guangyu.sdk.lib.notify.GYLoginCallBack):41:41 -> a
    4:13:void clear():46:55 -> a
    1:1:guangyu.sdk.lib.notify.GYExitCallBack getGYExitCallBack():19:19 -> b
    1:1:guangyu.sdk.lib.notify.GYUserCenterCallBack getGYUserCenterCallBack():28:28 -> c
guangyu.sdk.lib.GYSDK -> guangyu.sdk.lib.GYSDK:
    1:1:void <init>():19:19 -> <init>
    1:3:void autoLogin(android.app.Activity,guangyu.sdk.lib.notify.GYLoginCallBack):54:56 -> autoLogin
    1:3:void exitSDK(android.app.Activity,guangyu.sdk.lib.notify.GYExitCallBack):76:78 -> exitSDK
    1:5:void init(android.app.Application,java.lang.String,java.lang.String,java.lang.String,boolean):31:35 -> init
    1:1:void setDebug(boolean):45:45 -> setDebug
    1:3:void userCenter(android.app.Activity,guangyu.sdk.lib.notify.GYUserCenterCallBack):65:67 -> userCenter
guangyu.sdk.lib.GYSDKConfig -> a.a.a.b:
    java.lang.String EXIT_CANCEL_CODE -> f
    java.lang.String APP_KEY -> a
    java.lang.String APP_SLUG -> c
    java.lang.String APP_SECRET -> b
    java.lang.String EXIT_SUCCESS_CODE -> e
    boolean DEBUG -> d
guangyu.sdk.lib.base.BaseLinearLayout -> guangyu.sdk.lib.base.BaseLinearLayout:
    android.view.LayoutInflater mInflater -> a
    1:1:void <init>(android.content.Context):20:20 -> <init>
    2:2:void <init>(android.content.Context,android.util.AttributeSet):24:24 -> <init>
    3:10:void <init>(android.content.Context,android.util.AttributeSet,int):28:35 -> <init>
    void findViewById() -> a
    void setListener() -> b
guangyu.sdk.lib.base.BaseViewGroup -> guangyu.sdk.lib.base.BaseViewGroup:
    android.content.Context mContext -> a
    guangyu.sdk.lib.base.BaseViewGroup$BaseViewGroupListener mBaseViewGroupListener -> f
    android.view.LayoutInflater mInflater -> b
    android.widget.RelativeLayout mLayoutContent -> e
    android.widget.ImageView mButtonClose -> d
    android.widget.ImageView mButtonBack -> c
    1:1:void <init>(android.content.Context):31:31 -> <init>
    2:2:void <init>(android.content.Context,android.util.AttributeSet):35:35 -> <init>
    3:6:void <init>(android.content.Context,android.util.AttributeSet,int):39:42 -> <init>
    1:2:void addListener():58:59 -> a
    1:7:void addTitleBar():47:53 -> b
    1:1:android.widget.ImageView getButtonBack():84:84 -> getButtonBack
    1:1:android.widget.RelativeLayout getLayoutContent():27:27 -> getLayoutContent
    1:8:void onClick(android.view.View):65:72 -> onClick
    1:1:void setBaseViewGroupListener(guangyu.sdk.lib.base.BaseViewGroup$BaseViewGroupListener):80:80 -> setBaseViewGroupListener
guangyu.sdk.lib.base.BaseViewGroup$BaseViewGroupListener -> guangyu.sdk.lib.base.BaseViewGroup$a:
    void onBtnBack() -> a
    void onBtnClose() -> b
guangyu.sdk.lib.base.GYBaseActivity -> guangyu.sdk.lib.base.GYBaseActivity:
    1:1:void <init>():12:12 -> <init>
    void findViewById() -> a
    1:1:void BaseToast(java.lang.String):32:32 -> a
    int getLayoutView() -> b
    void initView() -> c
    void setOnclickListener() -> d
    1:8:void onCreate(android.os.Bundle):17:24 -> onCreate
guangyu.sdk.lib.base.GYBaseActivity$1 -> guangyu.sdk.lib.base.GYBaseActivity$a:
    guangyu.sdk.lib.base.GYBaseActivity this$0 -> b
    java.lang.String val$msg -> a
    1:1:void <init>(guangyu.sdk.lib.base.GYBaseActivity,java.lang.String):32:32 -> <init>
    1:1:void run():35:35 -> run
...
android.support.v4.view.KeyEventCompat$HoneycombKeyEventVersionImpl -> android.support.v4.view.KeyEventCompat$HoneycombKeyEventVersionImpl:
    1:1:void <init>():144:144 -> <init>
    1:1:boolean metaStateHasModifiers(int,int):152:152 -> metaStateHasModifiers
    1:1:boolean metaStateHasNoModifiers(int):157:157 -> metaStateHasNoModifiers
    1:1:int normalizeMetaState(int):147:147 -> normalizeMetaState
android.support.v4.view.KeyEventCompatEclair -> android.support.v4.view.KeyEventCompatEclair:
    1:1:void <init>():23:23 -> <init>
    1:1:boolean dispatch(android.view.KeyEvent,android.view.KeyEvent$Callback,java.lang.Object,java.lang.Object):30:30 -> dispatch
    1:1:java.lang.Object getKeyDispatcherState(android.view.View):25:25 -> getKeyDispatcherState
    1:1:boolean isTracking(android.view.KeyEvent):38:38 -> isTracking
    1:1:void startTracking(android.view.KeyEvent):34:34 -> startTracking
android.support.v4.view.KeyEventCompatHoneycomb -> android.support.v4.view.KeyEventCompatHoneycomb:
    1:1:void <init>():24:24 -> <init>
    1:1:boolean metaStateHasModifiers(int,int):30:30 -> metaStateHasModifiers
    1:1:boolean metaStateHasNoModifiers(int):34:34 -> metaStateHasNoModifiers
    1:1:int normalizeMetaState(int):26:26 -> normalizeMetaState
android.support.v4.view.MarginLayoutParamsCompat -> android.support.v4.view.MarginLayoutParamsCompat:
    1:5:void <clinit>():127:131 -> <clinit>
    1:1:void <init>():27:27 -> <init>
    1:1:int getLayoutDirection(android.view.ViewGroup$MarginLayoutParams):211:211 -> getLayoutDirection
    1:1:int getMarginEnd(android.view.ViewGroup$MarginLayoutParams):162:162 -> getMarginEnd
    1:1:int getMarginStart(android.view.ViewGroup$MarginLayoutParams):147:147 -> getMarginStart
    1:1:boolean isMarginRelative(android.view.ViewGroup$MarginLayoutParams):201:201 -> isMarginRelative
    1:1:void resolveLayoutDirection(android.view.ViewGroup$MarginLayoutParams,int):231:231 -> resolveLayoutDirection
    1:1:void setLayoutDirection(android.view.ViewGroup$MarginLayoutParams,int):222:222 -> setLayoutDirection
    1:1:void setMarginEnd(android.view.ViewGroup$MarginLayoutParams,int):192:192 -> setMarginEnd
    1:1:void setMarginStart(android.view.ViewGroup$MarginLayoutParams,int):177:177 -> setMarginStart
android.support.v4.view.MarginLayoutParamsCompat$MarginLayoutParamsCompatImplBase -> android.support.v4.view.MarginLayoutParamsCompat$MarginLayoutParamsCompatImplBase:
    1:1:void <init>():39:39 -> <init>
    1:1:int getMarginEnd(android.view.ViewGroup$MarginLayoutParams):48:48 -> getMarginEnd
    1:1:int getMarginStart(android.view.ViewGroup$MarginLayoutParams):43:43 -> getMarginStart
    1:1:void setMarginEnd(android.view.ViewGroup$MarginLayoutParams,int):58:58 -> setMarginEnd
    1:1:void setMarginStart(android.view.ViewGroup$MarginLayoutParams,int):53:53 -> setMarginStart
android.support.v4.view.MarginLayoutParamsCompat$MarginLayoutParamsCompatImplJbMr1 -> android.support.v4.view.MarginLayoutParamsCompat$MarginLayoutParamsCompatImplJbMr1:
    1:1:void <init>():82:82 -> <init>
    1:1:int getLayoutDirection(android.view.ViewGroup$MarginLayoutParams):111:111 -> getLayoutDirection
    1:1:int getMarginEnd(android.view.ViewGroup$MarginLayoutParams):91:91 -> getMarginEnd
    1:1:int getMarginStart(android.view.ViewGroup$MarginLayoutParams):86:86 -> getMarginStart
    1:1:boolean isMarginRelative(android.view.ViewGroup$MarginLayoutParams):106:106 -> isMarginRelative
    1:1:void resolveLayoutDirection(android.view.ViewGroup$MarginLayoutParams,int):121:121 -> resolveLayoutDirection
    1:1:void setLayoutDirection(android.view.ViewGroup$MarginLayoutParams,int):116:116 -> setLayoutDirection
    1:1:void setMarginEnd(android.view.ViewGroup$MarginLayoutParams,int):101:101 -> setMarginEnd
    1:1:void setMarginStart(android.view.ViewGroup$MarginLayoutParams,int):96:96 -> setMarginStart