gysdklibrary/proguard/unused.txt
guangyu.sdk.lib.ui.usercenter.GYUserCenterActivity:
    private void sendOnFailCallBack(java.lang.String)
guangyu.sdk.lib.view.cardview.CardViewImpl:
    public abstract void updatePadding(guangyu.sdk.lib.view.cardview.CardViewDelegate)
guangyu.sdk.lib.view.ClearEditText:
    public static android.view.animation.Animation shakeAnimation(int)
    public void setShakeAnimation()
guangyu.sdk.lib.utils.ToastUitls:
    public void <init>()
guangyu.sdk.lib.GYSDKConfig:
    public void <init>()
guangyu.sdk.lib.utils.LogUtils:
    public void <init>()
    public static void e(java.lang.String)
    public static void i(java.lang.String)
    public static void v(java.lang.String)
    public static void w(java.lang.String)
    public static void print(boolean)
guangyu.sdk.lib.BuildConfig
guangyu.sdk.lib.view.cardview.RoundRectDrawableWithShadow:
    private static final float SHADOW_MULTIPLIER
guangyu.sdk.lib.CallBackManager:
    public void <init>()
    public static guangyu.sdk.lib.notify.GYLoginCallBack getGYLoginCallBack()
guangyu.sdk.lib.utils.ViewUtilInterface
guangyu.sdk.lib.utils.DensityUtils:
    public void <init>()
    public static int px2dip(android.content.Context,float)
    public static int px2sp(android.content.Context,float)
    public static int sp2px(android.content.Context,float)
    public static int getScreenWidth(android.content.Context)
    public static int getScreenHeight(android.content.Context)
    public static int getStatusBarHeight(android.content.Context)
    static int getInternalDimensionSize(android.content.res.Resources,java.lang.String)
    static final java.lang.String STATUS_BAR_HEIGHT_RES_NAME
guangyu.sdk.lib.view.cardview.CardView:
    public void setContentPadding(int,int,int,int)
guangyu.sdk.lib.base.BaseLinearLayout:
    protected void BastToast(java.lang.String)
guangyu.sdk.lib.utils.ViewUtil:
    public void addView(android.view.View,android.view.ViewGroup)
    public int getViewNum()
    public void removeView(android.view.View,android.view.ViewGroup)
    public void removeAllviews(android.view.ViewGroup)
guangyu.sdk.lib.base.BaseLinearLayout:
    public android.content.Context mContext
guangyu.sdk.lib.view.cardview.CardViewApi17Impl$1:
    public final synthetic guangyu.sdk.lib.view.cardview.CardViewApi17Impl this$0